Hee/app/build/intermediates/manifest_merge_blame_file/debug/manifest-merger-blame-debug-report.txt
1<?xml version="1.0" encoding="utf-8"?>
2<manifest xmlns:android="http://schemas.android.com/apk/res/android"
3    package="com.example.hee"
4    android:versionCode="1"
5    android:versionName="1.0" >
6
7    <uses-sdk
8        android:minSdkVersion="16"
8-->src\main\AndroidManifest.xml
9        android:targetSdkVersion="31" />
9-->src\main\AndroidManifest.xml
10
11    <uses-feature
11-->src\main\AndroidManifest.xml:5:5-84
12        android:name="android.hardware.camera"
12-->src\main\AndroidManifest.xml:5:19-57
13        android:required="true" />
13-->src\main\AndroidManifest.xml:5:58-81
14
15    <uses-permission android:name="android.permission.WRITE_EXTERNAL_STORAGE" />
15-->src\main\AndroidManifest.xml:6:5-81
15-->src\main\AndroidManifest.xml:6:22-78
16    <uses-permission android:name="android.permission.READ_EXTERNAL_STORAGE" />
16-->src\main\AndroidManifest.xml:7:5-80
16-->src\main\AndroidManifest.xml:7:22-77
17    <uses-permission android:name="android.permission.CAMERA" />
17-->src\main\AndroidManifest.xml:8:5-65
17-->src\main\AndroidManifest.xml:8:22-62
18    <uses-permission android:name="android.permission.INTERNET" />
18-->src\main\AndroidManifest.xml:9:5-67
18-->src\main\AndroidManifest.xml:9:22-64
19
20    <application
20-->src\main\AndroidManifest.xml:13:5-41:19
21        android:allowBackup="true"
21-->src\main\AndroidManifest.xml:15:9-35
22        android:appComponentFactory="androidx.core.app.CoreComponentFactory"
22-->[androidx.core:core:1.7.0] AndroidManifest.xml:24:18-86
23        android:debuggable="true"
24        android:icon="@mipmap/ic_launcher"
24-->src\main\AndroidManifest.xml:16:9-43
25        android:label="@string/app_name"
25-->src\main\AndroidManifest.xml:17:9-41
26        android:roundIcon="@mipmap/ic_launcher_round"
26-->src\main\AndroidManifest.xml:18:9-54
27        android:supportsRtl="true"
27-->src\main\AndroidManifest.xml:19:9-35
28        android:testOnly="true"
29        android:theme="@style/Theme.Hee"
29-->src\main\AndroidManifest.xml:20:9-41
30        android:usesCleartextTraffic="true" >
30-->src\main\AndroidManifest.xml:14:9-44
31        <activity
31-->src\main\AndroidManifest.xml:23:9-31:20
32            android:name="com.example.hee.MainActivity"
32-->src\main\AndroidManifest.xml:24:13-41
33            android:exported="true" >
33-->src\main\AndroidManifest.xml:25:13-36
34            <intent-filter>
34-->src\main\AndroidManifest.xml:26:13-30:29
35                <action android:name="android.intent.action.MAIN" />
35-->src\main\AndroidManifest.xml:27:17-69
35-->src\main\AndroidManifest.xml:27:25-66
36
37                <category android:name="android.intent.category.LAUNCHER" />
37-->src\main\AndroidManifest.xml:29:17-77
37-->src\main\AndroidManifest.xml:29:27-74
38            </intent-filter>
39        </activity>
40
41        <provider
41-->src\main\AndroidManifest.xml:32:9-40:20
42            android:name="androidx.core.content.FileProvider"
42-->src\main\AndroidManifest.xml:33:13-62
43            android:authorities="com.example.hee.fileprovider"
43-->src\main\AndroidManifest.xml:34:13-63
44            android:exported="false"
44-->src\main\AndroidManifest.xml:35:13-37
45            android:grantUriPermissions="true" >
45-->src\main\AndroidManifest.xml:36:13-47
46            <meta-data
46-->src\main\AndroidManifest.xml:37:13-39:64
47                android:name="android.support.FILE_PROVIDER_PATHS"
47-->src\main\AndroidManifest.xml:38:17-67
48                android:resource="@xml/file_paths" />
48-->src\main\AndroidManifest.xml:39:17-51
49        </provider>
50        <provider
50-->[androidx.emoji2:emoji2:1.0.0] AndroidManifest.xml:26:9-34:20
51            android:name="androidx.startup.InitializationProvider"
51-->[androidx.emoji2:emoji2:1.0.0] AndroidManifest.xml:27:13-67
52            android:authorities="com.example.hee.androidx-startup"
52-->[androidx.emoji2:emoji2:1.0.0] AndroidManifest.xml:28:13-68
53            android:exported="false" >
53-->[androidx.emoji2:emoji2:1.0.0] AndroidManifest.xml:29:13-37
54            <meta-data
54-->[androidx.emoji2:emoji2:1.0.0] AndroidManifest.xml:31:13-33:52
55                android:name="androidx.emoji2.text.EmojiCompatInitializer"
55-->[androidx.emoji2:emoji2:1.0.0] AndroidManifest.xml:32:17-75
56                android:value="androidx.startup" />
56-->[androidx.emoji2:emoji2:1.0.0] AndroidManifest.xml:33:17-49
57            <meta-data
57-->[androidx.lifecycle:lifecycle-process:2.4.0] AndroidManifest.xml:31:13-33:52
58                android:name="androidx.lifecycle.ProcessLifecycleInitializer"
58-->[androidx.lifecycle:lifecycle-process:2.4.0] AndroidManifest.xml:32:17-78
59                android:value="androidx.startup" />
59-->[androidx.lifecycle:lifecycle-process:2.4.0] AndroidManifest.xml:33:17-49
60        </provider>
61    </application>
62
63</manifest>